nov 14, 2018 8:15:13 PM org.apache.catalina.startup.VersionLoggerListener log
INFORMACIÓN: Server version:        Apache Tomcat (TomEE)/7.0.81 (1.7.5)
nov 14, 2018 8:15:13 PM org.apache.catalina.startup.VersionLoggerListener log
INFORMACIÓN: Server built:          Aug 11 2017 10:21:27 UTC
nov 14, 2018 8:15:13 PM org.apache.catalina.startup.VersionLoggerListener log
INFORMACIÓN: Server number:         7.0.81.0
nov 14, 2018 8:15:13 PM org.apache.catalina.startup.VersionLoggerListener log
INFORMACIÓN: OS Name:               Windows 10
nov 14, 2018 8:15:13 PM org.apache.catalina.startup.VersionLoggerListener log
INFORMACIÓN: OS Version:            10.0
nov 14, 2018 8:15:13 PM org.apache.catalina.startup.VersionLoggerListener log
INFORMACIÓN: Architecture:          amd64
nov 14, 2018 8:15:13 PM org.apache.catalina.startup.VersionLoggerListener log
INFORMACIÓN: Java Home:             C:\Program Files\Java\jdk1.8.0_191\jre
nov 14, 2018 8:15:13 PM org.apache.catalina.startup.VersionLoggerListener log
INFORMACIÓN: JVM Version:           1.8.0_191-b12
nov 14, 2018 8:15:13 PM org.apache.catalina.startup.VersionLoggerListener log
INFORMACIÓN: JVM Vendor:            Oracle Corporation
nov 14, 2018 8:15:13 PM org.apache.catalina.startup.VersionLoggerListener log
INFORMACIÓN: CATALINA_BASE:         C:\opensap\address-manager\application\target\apache-tomee
nov 14, 2018 8:15:13 PM org.apache.catalina.startup.VersionLoggerListener log
INFORMACIÓN: CATALINA_HOME:         C:\opensap\address-manager\application\target\apache-tomee
nov 14, 2018 8:15:13 PM org.apache.catalina.startup.VersionLoggerListener log
INFORMACIÓN: Command line argument: -XX:+HeapDumpOnOutOfMemoryError
nov 14, 2018 8:15:13 PM org.apache.catalina.startup.VersionLoggerListener log
INFORMACIÓN: Command line argument: -Dorg.apache.catalina.STRICT_SERVLET_COMPLIANCE=false
nov 14, 2018 8:15:13 PM org.apache.catalina.startup.VersionLoggerListener log
INFORMACIÓN: Command line argument: -Dopenejb.session.manager=org.apache.tomee.catalina.session.QuickSessionManager
nov 14, 2018 8:15:13 PM org.apache.catalina.startup.VersionLoggerListener log
INFORMACIÓN: Command line argument: -Dtomee.remote.support=true
nov 14, 2018 8:15:13 PM org.apache.catalina.startup.VersionLoggerListener log
INFORMACIÓN: Command line argument: -Dopenejb.system.apps=false
nov 14, 2018 8:15:13 PM org.apache.catalina.startup.VersionLoggerListener log
INFORMACIÓN: Command line argument: -Djava.util.logging.config.file=C:\opensap\address-manager\application\target\apache-tomee\conf\logging.properties
nov 14, 2018 8:15:13 PM org.apache.catalina.startup.VersionLoggerListener log
INFORMACIÓN: Command line argument: -javaagent:C:\opensap\address-manager\application\target\apache-tomee\lib\openejb-javaagent.jar
nov 14, 2018 8:15:13 PM org.apache.catalina.startup.VersionLoggerListener log
INFORMACIÓN: Command line argument: -Djava.util.logging.manager=org.apache.juli.ClassLoaderLogManager
nov 14, 2018 8:15:13 PM org.apache.catalina.startup.VersionLoggerListener log
INFORMACIÓN: Command line argument: -Djava.io.tmpdir=C:\opensap\address-manager\application\target\apache-tomee\temp
nov 14, 2018 8:15:13 PM org.apache.catalina.startup.VersionLoggerListener log
INFORMACIÓN: Command line argument: -Djava.endorsed.dirs=C:\opensap\address-manager\application\target\apache-tomee\endorsed
nov 14, 2018 8:15:13 PM org.apache.catalina.startup.VersionLoggerListener log
INFORMACIÓN: Command line argument: -Dcatalina.base=C:\opensap\address-manager\application\target\apache-tomee
nov 14, 2018 8:15:13 PM org.apache.catalina.startup.VersionLoggerListener log
INFORMACIÓN: Command line argument: -Dcatalina.home=C:\opensap\address-manager\application\target\apache-tomee
nov 14, 2018 8:15:13 PM org.apache.catalina.startup.VersionLoggerListener log
INFORMACIÓN: Command line argument: -Dcatalina.ext.dirs=C:\opensap\address-manager\application\target\apache-tomee\lib
nov 14, 2018 8:15:13 PM org.apache.catalina.startup.VersionLoggerListener log
INFORMACIÓN: Command line argument: -Dorg.apache.tomcat.util.http.ServerCookie.ALLOW_HTTP_SEPARATORS_IN_V0=true
nov 14, 2018 8:15:13 PM org.apache.catalina.startup.VersionLoggerListener log
INFORMACIÓN: Command line argument: -ea
nov 14, 2018 8:15:13 PM org.apache.catalina.core.AprLifecycleListener lifecycleEvent
INFORMACIÓN: La biblioteca nativa de Apache Tomcat basada en ARP que permite un rendimiento óptimo en entornos de desarrollo no ha sido hallada en java.library.path: C:\Program Files\Java\jdk1.8.0_191\jre\bin;C:\WINDOWS\Sun\Java\bin;C:\WINDOWS\system32;C:\WINDOWS;C:\Program Files (x86)\Common Files\Oracle\Java\javapath;C:\Program Files (x86)\Intel\Intel(R) Management Engine Components\iCLS\;C:\Program Files\Intel\Intel(R) Management Engine Components\iCLS\;C:\ProgramData\Oracle\Java\javapath;C:\WINDOWS\system32;C:\WINDOWS;C:\WINDOWS\System32\Wbem;C:\WINDOWS\System32\WindowsPowerShell\v1.0\;C:\Program Files (x86)\Calibre2\;C:\Program Files (x86)\Intel\Intel(R) Management Engine Components\DAL;C:\Program Files\Intel\Intel(R) Management Engine Components\DAL;C:\Program Files (x86)\Intel\Intel(R) Management Engine Components\IPT;C:\Program Files\Intel\Intel(R) Management Engine Components\IPT;C:\WINDOWS\System32\OpenSSH\;C:\Program Files (x86)\Windows Live\Shared;C:\Program Files\Intel\WiFi\bin\;C:\Program Files\Common Files\Intel\WirelessCommon\;C:\Program Files\Cloud Foundry;C:\Users\fernandom\AppData\Local\Microsoft\WindowsApps;C:\Program Files (x86)\Sophos\Sophos SSL VPN Client\bin;C:\Users\fernandom\Desktop\apache-maven-3.6.0\bin;C:\Users\fernandom\AppData\Local\GitHubDesktop\bin;.
nov 14, 2018 8:15:13 PM org.apache.coyote.AbstractProtocol init
INFORMACIÓN: Initializing ProtocolHandler ["http-bio-8080"]
nov 14, 2018 8:15:13 PM org.apache.coyote.AbstractProtocol init
INFORMACIÓN: Initializing ProtocolHandler ["ajp-bio-8009"]
